src/core/state.py:208: error: Incompatible types in assignment (expression has type "list[WorkItem]", variable has type "dict_values[str, WorkItem]")  [assignment]
src/core/state.py:226: error: Incompatible types in assignment (expression has type "list[WorkItem]", variable has type "dict_values[str, WorkItem]")  [assignment]
src/core/metrics.py:89: note: By default the bodies of untyped functions are not checked, consider using --check-untyped-defs  [annotation-unchecked]
src/core/metrics.py:92: note: By default the bodies of untyped functions are not checked, consider using --check-untyped-defs  [annotation-unchecked]
src/core/metrics.py:95: note: By default the bodies of untyped functions are not checked, consider using --check-untyped-defs  [annotation-unchecked]
src/core/metrics.py:98: note: By default the bodies of untyped functions are not checked, consider using --check-untyped-defs  [annotation-unchecked]
src/core/metrics.py:101: note: By default the bodies of untyped functions are not checked, consider using --check-untyped-defs  [annotation-unchecked]
src/core/metrics.py:102: note: By default the bodies of untyped functions are not checked, consider using --check-untyped-defs  [annotation-unchecked]
src/core/metrics.py:298: error: Need type annotation for "errors_by_type" (hint: "errors_by_type: dict[<type>, <type>] = ...")  [var-annotated]
src/integrations/notifications.py:252: error: Dict entry 1 has incompatible type "str": "list[dict[str, str]]"; expected "str": "Collection[str]"  [dict-item]
src/integrations/notifications.py:262: error: List item 0 has incompatible type "dict[str, Collection[str]]"; expected "str"  [list-item]
src/integrations/notifications.py:277: error: List item 0 has incompatible type "dict[str, str]"; expected "str"  [list-item]
src/integrations/notifications.py:688: error: Need type annotation for "results" (hint: "results: list[<type>] = ...")  [var-annotated]
src/integrations/git_ops.py:272: error: "info" of "AuditLogger" gets multiple values for keyword argument "message"  [misc]
src/core/health.py:358: error: Dict entry 0 has incompatible type "str": "str"; expected "str": "bool"  [dict-item]
src/analyzers/context_builder.py:254: error: Need type annotation for "extensions" (hint: "extensions: dict[<type>, <type>] = ...")  [var-annotated]
src/analyzers/codebase_analyzer.py:241: error: Need type annotation for "structure" (hint: "structure: dict[<type>, <type>] = ...")  [var-annotated]
src/analyzers/codebase_analyzer.py:401: error: Need type annotation for "languages" (hint: "languages: dict[<type>, <type>] = ...")  [var-annotated]
src/analyzers/codebase_analyzer.py:406: error: Need type annotation for "file_types" (hint: "file_types: dict[<type>, <type>] = ...")  [var-annotated]
src/analyzers/codebase_analyzer.py:517: error: Incompatible types in assignment (expression has type "list[str]", target has type "int")  [assignment]
src/analyzers/codebase_analyzer.py:532: error: Incompatible types in assignment (expression has type "dict[str, Literal[True]]", target has type "int")  [assignment]
src/analyzers/codebase_analyzer.py:540: error: Incompatible types in assignment (expression has type "str", target has type "int")  [assignment]
src/analyzers/codebase_analyzer.py:542: error: Incompatible types in assignment (expression has type "str", target has type "int")  [assignment]
src/integrations/multi_agent_coder_client.py:579: error: Incompatible types in assignment (expression has type "int", target has type "Sequence[str]")  [assignment]
src/integrations/multi_agent_coder_client.py:594: error: "Sequence[str]" has no attribute "append"  [attr-defined]
src/integrations/multi_agent_coder_client.py:612: error: Argument "file" to "ReviewComment" has incompatible type "Sequence[str]"; expected "str"  [arg-type]
src/integrations/multi_agent_coder_client.py:613: error: Argument "line" to "ReviewComment" has incompatible type "Sequence[str]"; expected "int"  [arg-type]
src/integrations/multi_agent_coder_client.py:614: error: Argument "severity" to "ReviewComment" has incompatible type "Sequence[str]"; expected "str"  [arg-type]
src/integrations/multi_agent_coder_client.py:630: error: Argument "file" to "ReviewComment" has incompatible type "Sequence[str]"; expected "str"  [arg-type]
src/integrations/multi_agent_coder_client.py:631: error: Argument "line" to "ReviewComment" has incompatible type "Sequence[str]"; expected "int"  [arg-type]
src/integrations/multi_agent_coder_client.py:632: error: Argument "severity" to "ReviewComment" has incompatible type "Sequence[str]"; expected "str"  [arg-type]
src/integrations/github_client.py:77: error: Incompatible types in assignment (expression has type "list[Issue]", variable has type "PaginatedList[Issue]")  [assignment]
src/integrations/github_client.py:81: error: Incompatible types in assignment (expression has type "list[Issue]", variable has type "PaginatedList[Issue]")  [assignment]
src/integrations/github_client.py:363: error: "warning" of "AuditLogger" gets multiple values for keyword argument "message"  [misc]
src/integrations/github_client.py:538: error: "RateLimitOverview" has no attribute "core"  [attr-defined]
src/integrations/github_client.py:546: error: "RateLimitOverview" has no attribute "search"  [attr-defined]
src/integrations/github_client.py:554: error: "RateLimitOverview" has no attribute "graphql"  [attr-defined]
src/core/pattern_detector.py:211: error: Need type annotation for "common"  [var-annotated]
src/core/pattern_detector.py:234: error: Incompatible types in assignment (expression has type "str", target has type "list[Any]")  [assignment]
src/safety/failure_analyzer.py:419: error: Need type annotation for "key_terms_count" (hint: "key_terms_count: dict[<type>, <type>] = ...")  [var-annotated]
src/safety/breaking_change_detector.py:115: error: Need type annotation for "changes" (hint: "changes: list[<type>] = ...")  [var-annotated]
src/safety/approval.py:281: error: Incompatible types in "await" (actual type "MultiAgentResponse", expected type "Awaitable[Any]")  [misc]
src/safety/approval.py:538: error: Need type annotation for "future"  [var-annotated]
src/safety/approval.py:719: error: Unsupported target for indexed assignment ("object")  [index]
src/safety/approval.py:719: error: "object" has no attribute "get"  [attr-defined]
src/safety/approval.py:723: error: Unsupported target for indexed assignment ("object")  [index]
src/safety/approval.py:723: error: "object" has no attribute "get"  [attr-defined]
src/safety/approval.py:727: error: "object" has no attribute "append"  [attr-defined]
src/cycles/issue_cycle.py:157: error: Need type annotation for "claimed_work_items" (hint: "claimed_work_items: list[<type>] = ...")  [var-annotated]
src/cycles/issue_cycle.py:303: error: "RateLimitOverview" has no attribute "core"  [attr-defined]
src/cycles/issue_cycle.py:369: error: "type[EventType]" has no attribute "ERROR"  [attr-defined]
src/cycles/issue_cycle.py:390: error: Dict entry 0 has incompatible type "str": "str"; expected "str": "int"  [dict-item]
src/cycles/issue_cycle.py:392: error: Dict entry 2 has incompatible type "str": "str"; expected "str": "int"  [dict-item]
src/core/multi_agent_learning.py:154: error: "str" has no attribute "provider"  [attr-defined]
src/core/multi_agent_learning.py:154: error: "str" has no attribute "content"  [attr-defined]
src/core/multi_agent_learning.py:255: error: "str" has no attribute "content"  [attr-defined]
src/core/multi_agent_learning.py:255: error: Invalid index type "int" for "dict[str, str]"; expected type "str"  [index]
src/core/multi_agent_learning.py:268: error: "str" has no attribute "provider"  [attr-defined]
src/core/multi_agent_learning.py:268: error: "str" has no attribute "content"  [attr-defined]
src/core/multi_agent_learning.py:380: error: "str" has no attribute "content"  [attr-defined]
src/core/multi_agent_learning.py:388: error: "str" has no attribute "provider"  [attr-defined]
src/core/multi_agent_learning.py:388: error: "str" has no attribute "content"  [attr-defined]
src/core/multi_agent_learning.py:474: error: "str" has no attribute "content"  [attr-defined]
src/core/multi_agent_learning.py:474: error: Invalid index type "int" for "dict[str, str]"; expected type "str"  [index]
src/core/multi_agent_learning.py:492: error: "str" has no attribute "provider"  [attr-defined]
src/core/multi_agent_learning.py:492: error: "str" has no attribute "content"  [attr-defined]
src/core/multi_agent_learning.py:633: error: Need type annotation for "improvements"  [var-annotated]
src/core/multi_agent_learning.py:642: error: Unsupported target for indexed assignment ("Collection[Any]")  [index]
src/core/multi_agent_learning.py:646: error: "Collection[Any]" has no attribute "append"  [attr-defined]
src/core/multi_agent_learning.py:650: error: Unsupported target for indexed assignment ("Collection[Any]")  [index]
src/core/multi_agent_learning.py:654: error: "Collection[Any]" has no attribute "append"  [attr-defined]
src/analyzers/multi_agent_analyzer.py:446: error: Need type annotation for "pattern_counts" (hint: "pattern_counts: dict[<type>, <type>] = ...")  [var-annotated]
src/analyzers/multi_agent_analyzer.py:474: error: Need type annotation for "priority_counts" (hint: "priority_counts: dict[<type>, <type>] = ...")  [var-annotated]
src/analyzers/issue_analyzer.py:421: error: Need type annotation for "type_counts" (hint: "type_counts: dict[<type>, <type>] = ...")  [var-annotated]
src/cycles/multi_agent_ideation.py:550: error: Need type annotation for "current_proposal" (hint: "current_proposal: dict[<type>, <type>] = ...")  [var-annotated]
src/cycles/multi_agent_ideation.py:587: error: Incompatible types in assignment (expression has type "int", target has type "str")  [assignment]
src/cycles/multi_agent_ideation.py:593: error: Incompatible types in assignment (expression has type "ProposalPriority", target has type "str")  [assignment]
src/cycles/multi_agent_ideation.py:595: error: Incompatible types in assignment (expression has type "ProposalPriority", target has type "str")  [assignment]
src/cycles/multi_agent_ideation.py:597: error: Incompatible types in assignment (expression has type "ProposalPriority", target has type "str")  [assignment]
src/cycles/multi_agent_ideation.py:599: error: Incompatible types in assignment (expression has type "ProposalPriority", target has type "str")  [assignment]
src/cycles/multi_agent_ideation.py:865: error: "str" has no attribute "get"  [attr-defined]
src/cycles/multi_agent_ideation.py:868: error: "Sequence[str]" has no attribute "append"  [attr-defined]
src/cycles/multi_agent_ideation.py:889: error: List comprehension has incompatible type List[dict[str, Union[int, str]]]; expected List[str]  [misc]
src/analyzers/implementation_planner.py:454: error: Need type annotation for "steps_by_number" (hint: "steps_by_number: dict[<type>, <type>] = ...")  [var-annotated]
src/analyzers/implementation_planner.py:492: error: Need type annotation for "unit_tests_modify" (hint: "unit_tests_modify: set[<type>] = ...")  [var-annotated]
src/cycles/roadmap_generator.py:589: error: Need type annotation for "by_provider" (hint: "by_provider: dict[<type>, <type>] = ...")  [var-annotated]
src/cycles/pr_cycle.py:961: error: Library stubs not installed for "dateutil"  [import-untyped]
src/cycles/pr_cycle.py:961: note: Hint: "python3 -m pip install types-python-dateutil"
src/cycles/pr_cycle.py:961: note: (or run "mypy --install-types" to install all missing stub packages)
src/cycles/pr_cycle.py:961: note: See https://mypy.readthedocs.io/en/stable/running_mypy.html#missing-imports
src/cycles/code_executor.py:637: error: Argument 1 to "join" of "str" has incompatible type "list[int]"; expected "Iterable[str]"  [arg-type]
src/cycles/issue_processor.py:243: error: "ExecutionResult" has no attribute "status"  [attr-defined]
src/cycles/issue_processor.py:243: error: "type[ExecutionStatus]" has no attribute "SUCCESS"  [attr-defined]
src/cycles/issue_processor.py:246: error: "ExecutionResult" has no attribute "error"; maybe "errors"?  [attr-defined]
src/cycles/issue_processor.py:340: error: Missing positional argument "item_id" in call to "update_work_item" of "StateManager"  [call-arg]
src/cycles/issue_processor.py:340: error: Argument 1 to "update_work_item" of "StateManager" has incompatible type "WorkItem"; expected "str"  [arg-type]
src/cycles/issue_processor.py:396: error: Missing positional argument "item_id" in call to "update_work_item" of "StateManager"  [call-arg]
src/cycles/issue_processor.py:396: error: Argument 1 to "update_work_item" of "StateManager" has incompatible type "WorkItem"; expected "str"  [arg-type]
src/cycles/issue_processor.py:435: error: Missing positional argument "work_item" in call to "execute_plan" of "CodeExecutor"  [call-arg]
src/cycles/issue_processor.py:439: error: "ExecutionResult" has no attribute "status"  [attr-defined]
src/cycles/issue_processor.py:440: error: "ExecutionResult" has no attribute "steps_completed"  [attr-defined]
src/cycles/issue_processor.py:441: error: "ExecutionResult" has no attribute "total_steps"  [attr-defined]
src/cycles/issue_processor.py:442: error: "ExecutionResult" has no attribute "files_modified"  [attr-defined]
src/cycles/issue_processor.py:443: error: "ExecutionResult" has no attribute "commits"  [attr-defined]
src/cycles/issue_processor.py:445: error: Missing positional argument "item_id" in call to "update_work_item" of "StateManager"  [call-arg]
src/cycles/issue_processor.py:445: error: Argument 1 to "update_work_item" of "StateManager" has incompatible type "WorkItem"; expected "str"  [arg-type]
src/cycles/issue_processor.py:449: error: "ExecutionResult" has no attribute "status"  [attr-defined]
src/cycles/issue_processor.py:450: error: "ExecutionResult" has no attribute "steps_completed"  [attr-defined]
src/cycles/issue_processor.py:563: error: Missing positional argument "item_id" in call to "update_work_item" of "StateManager"  [call-arg]
src/cycles/issue_processor.py:563: error: Argument 1 to "update_work_item" of "StateManager" has incompatible type "WorkItem"; expected "str"  [arg-type]
src/cycles/issue_processor.py:601: error: "list[FailureAnalysis]" has no attribute "auto_fix_recommended"  [attr-defined]
src/cycles/issue_processor.py:605: error: "list[FailureAnalysis]" has no attribute "auto_fix_recommended"  [attr-defined]
src/cycles/issue_processor.py:616: error: "list[FailureAnalysis]" has no attribute "fix_suggestions"  [attr-defined]
src/cycles/issue_processor.py:617: error: "list[FailureAnalysis]" has no attribute "auto_fix_recommended"  [attr-defined]
src/cycles/issue_processor.py:624: error: "list[FailureAnalysis]" has no attribute "root_causes"  [attr-defined]
src/cycles/issue_processor.py:625: error: "list[FailureAnalysis]" has no attribute "fix_suggestions"  [attr-defined]
src/cycles/issue_processor.py:626: error: "list[FailureAnalysis]" has no attribute "auto_fix_recommended"  [attr-defined]
src/cycles/issue_processor.py:629: error: Missing positional argument "item_id" in call to "update_work_item" of "StateManager"  [call-arg]
src/cycles/issue_processor.py:629: error: Argument 1 to "update_work_item" of "StateManager" has incompatible type "WorkItem"; expected "str"  [arg-type]
src/cycles/issue_processor.py:676: error: Missing positional argument "item_id" in call to "update_work_item" of "StateManager"  [call-arg]
src/cycles/issue_processor.py:676: error: Argument 1 to "update_work_item" of "StateManager" has incompatible type "WorkItem"; expected "str"  [arg-type]
src/cycles/issue_processor.py:718: error: Missing positional argument "item_id" in call to "update_work_item" of "StateManager"  [call-arg]
src/cycles/issue_processor.py:718: error: Argument 1 to "update_work_item" of "StateManager" has incompatible type "WorkItem"; expected "str"  [arg-type]
src/cycles/issue_creator.py:387: error: Need type annotation for "labels" (hint: "labels: list[<type>] = ...")  [var-annotated]
src/cli.py:359: error: "ConfigManager" has no attribute "load_config"  [attr-defined]
src/cli.py:609: error: Unexpected keyword argument "level" for "setup_logging"  [call-arg]
src/core/logger.py: note: "setup_logging" defined here
src/cli.py:612: error: "ConfigManager" has no attribute "safety"  [attr-defined]
src/cli.py:780: error: "ConfigManager" has no attribute "load_config"  [attr-defined]
src/cli.py:1020: error: "ConfigManager" has no attribute "load_config"  [attr-defined]
src/cli.py:1247: error: Too many arguments for "get_logger"  [call-arg]
src/cli.py:1326: error: Too many arguments for "get_logger"  [call-arg]
src/cli.py:1370: error: Too many arguments for "get_logger"  [call-arg]
src/cli.py:1405: error: Too many arguments for "get_logger"  [call-arg]
Found 124 errors in 25 files (checked 104 source files)
